Running Sanity Check for Question 1d: Encode
--------------------------------------------------------------------------------
last_hidden:  torch.Size([2, 5, 3])
last_cell:  torch.Size([2, 5, 3])
last_hidden:  torch.Size([5, 6])
last_cell:  torch.Size([5, 6])



(local_nmt_a4) ➜  a4 git:(main) ✗ python sanity_check.py 1d > output.log
[nltk_data] Downloading package punkt to /home/nghiaph/nltk_data...
[nltk_data]   Package punkt is already up-to-date!
Traceback (most recent call last):
  File "sanity_check.py", line 277, in <module>
    main()
  File "sanity_check.py", line 265, in main
    question_1d_sanity_check(model, src_sents, tgt_sents, vocab)
  File "sanity_check.py", line 124, in question_1d_sanity_check
    assert(np.allclose(enc_hiddens_target.numpy(), enc_hiddens_pred.numpy())), "enc_hiddens is inc:\n {} but is:\n{}".format(enc_hiddens_target, enc_hiddens_pred)
AssertionError: enc_hiddens is incorrect: it should be:
 tensor([[[ 0.1240, -0.0658, -0.0931, -0.4731,  0.2182, -0.1243],
         [ 0.1965, -0.1003, -0.1506, -0.4731,  0.2182, -0.1243],
         [ 0.2336, -0.1187, -0.1855, -0.4731,  0.2182, -0.1243],
         [ 0.2515, -0.1283, -0.2057, -0.4730,  0.2182, -0.1243],
         [ 0.2598, -0.1334, -0.2170, -0.4729,  0.2182, -0.1243],
         [ 0.2636, -0.1359, -0.2231, -0.4728,  0.2182, -0.1243],
         [ 0.2653, -0.1373, -0.2263, -0.4726,  0.2181, -0.1242],
         [ 0.2660, -0.1379, -0.2280, -0.4724,  0.2181, -0.1242],
         [ 0.2663, -0.1383, -0.2289, -0.4719,  0.2180, -0.1241],
         [ 0.2664, -0.1384, -0.2293, -0.4713,  0.2179, -0.1240],
         [ 0.2665, -0.1385, -0.2295, -0.4703,  0.2177, -0.1238],
         [ 0.2665, -0.1386, -0.2296, -0.4689,  0.2175, -0.1235],
         [ 0.2665, -0.1386, -0.2296, -0.4666,  0.2170, -0.1230],
         [ 0.2665, -0.1386, -0.2297, -0.4632,  0.2164, -0.1223],
         [ 0.2665, -0.1386, -0.2297, -0.4579,  0.2154, -0.1213],
         [ 0.2665, -0.1386, -0.2297, -0.4498,  0.2140, -0.1197],
         [ 0.2665, -0.1386, -0.2297, -0.4374,  0.2117, -0.1172],
         [ 0.2665, -0.1386, -0.2297, -0.4181,  0.2080, -0.1134],
         [ 0.2665, -0.1386, -0.2297, -0.3880,  0.2021, -0.1077],
         [ 0.2665, -0.1386, -0.2297, -0.3408,  0.1916, -0.0990],
         [ 0.2665, -0.1386, -0.2297, -0.2665,  0.1713, -0.0855],
         [ 0.2665, -0.1386, -0.2297, -0.1529,  0.1247, -0.0614]],

        [[ 0.1240, -0.0658, -0.0931, -0.4719,  0.2180, -0.1241],
         [ 0.1965, -0.1003, -0.1506, -0.4713,  0.2179, -0.1240],
         [ 0.2336, -0.1187, -0.1855, -0.4703,  0.2177, -0.1238],
         [ 0.2515, -0.1283, -0.2057, -0.4689,  0.2175, -0.1235],
         [ 0.2598, -0.1334, -0.2170, -0.4666,  0.2170, -0.1230],
         [ 0.2636, -0.1359, -0.2231, -0.4632,  0.2164, -0.1223],
         [ 0.2653, -0.1373, -0.2263, -0.4579,  0.2154, -0.1213],
         [ 0.2660, -0.1379, -0.2280, -0.4498,  0.2140, -0.1197],
         [ 0.2663, -0.1383, -0.2289, -0.4374,  0.2117, -0.1172],
         [ 0.2664, -0.1384, -0.2293, -0.4181,  0.2080, -0.1134],
         [ 0.2665, -0.1385, -0.2295, -0.3880,  0.2021, -0.1077],
         [ 0.2665, -0.1386, -0.2296, -0.3408,  0.1916, -0.0990],
         [ 0.2665, -0.1386, -0.2296, -0.2665,  0.1713, -0.0855],
         [ 0.2665, -0.1386, -0.2297, -0.1529,  0.1247, -0.0614],
         [ 0.0000,  0.0000,  0.0000,  0.0000,  0.0000,  0.0000],
         [ 0.0000,  0.0000,  0.0000,  0.0000,  0.0000,  0.0000],
         [ 0.0000,  0.0000,  0.0000,  0.0000,  0.0000,  0.0000],
         [ 0.0000,  0.0000,  0.0000,  0.0000,  0.0000,  0.0000],
         [ 0.0000,  0.0000,  0.0000,  0.0000,  0.0000,  0.0000],
         [ 0.0000,  0.0000,  0.0000,  0.0000,  0.0000,  0.0000],
         [ 0.0000,  0.0000,  0.0000,  0.0000,  0.0000,  0.0000],
         [ 0.0000,  0.0000,  0.0000,  0.0000,  0.0000,  0.0000]],

        [[ 0.1240, -0.0658, -0.0931, -0.4666,  0.2170, -0.1230],
         [ 0.1965, -0.1003, -0.1506, -0.4632,  0.2164, -0.1223],
         [ 0.2336, -0.1187, -0.1855, -0.4579,  0.2154, -0.1213],
         [ 0.2515, -0.1283, -0.2057, -0.4498,  0.2140, -0.1197],
         [ 0.2598, -0.1334, -0.2170, -0.4374,  0.2117, -0.1172],
         [ 0.2636, -0.1359, -0.2231, -0.4181,  0.2080, -0.1134],
         [ 0.2653, -0.1373, -0.2263, -0.3880,  0.2021, -0.1077],
         [ 0.2660, -0.1379, -0.2280, -0.3408,  0.1916, -0.0990],
         [ 0.2663, -0.1383, -0.2289, -0.2665,  0.1713, -0.0855],
         [ 0.2664, -0.1384, -0.2293, -0.1529,  0.1247, -0.0614],
         [ 0.0000,  0.0000,  0.0000,  0.0000,  0.0000,  0.0000],
         [ 0.0000,  0.0000,  0.0000,  0.0000,  0.0000,  0.0000],
         [ 0.0000,  0.0000,  0.0000,  0.0000,  0.0000,  0.0000],
         [ 0.0000,  0.0000,  0.0000,  0.0000,  0.0000,  0.0000],
         [ 0.0000,  0.0000,  0.0000,  0.0000,  0.0000,  0.0000],
         [ 0.0000,  0.0000,  0.0000,  0.0000,  0.0000,  0.0000],
         [ 0.0000,  0.0000,  0.0000,  0.0000,  0.0000,  0.0000],
         [ 0.0000,  0.0000,  0.0000,  0.0000,  0.0000,  0.0000],
         [ 0.0000,  0.0000,  0.0000,  0.0000,  0.0000,  0.0000],
         [ 0.0000,  0.0000,  0.0000,  0.0000,  0.0000,  0.0000],
         [ 0.0000,  0.0000,  0.0000,  0.0000,  0.0000,  0.0000],
         [ 0.0000,  0.0000,  0.0000,  0.0000,  0.0000,  0.0000]],

        [[ 0.1240, -0.0658, -0.0931, -0.4666,  0.2170, -0.1230],
         [ 0.1965, -0.1003, -0.1506, -0.4632,  0.2164, -0.1223],
         [ 0.2336, -0.1187, -0.1855, -0.4579,  0.2154, -0.1213],
         [ 0.2515, -0.1283, -0.2057, -0.4498,  0.2140, -0.1197],
         [ 0.2598, -0.1334, -0.2170, -0.4374,  0.2117, -0.1172],
         [ 0.2636, -0.1359, -0.2231, -0.4181,  0.2080, -0.1134],
         [ 0.2653, -0.1373, -0.2263, -0.3880,  0.2021, -0.1077],
         [ 0.2660, -0.1379, -0.2280, -0.3408,  0.1916, -0.0990],
         [ 0.2663, -0.1383, -0.2289, -0.2665,  0.1713, -0.0855],
         [ 0.2664, -0.1384, -0.2293, -0.1529,  0.1247, -0.0614],
         [ 0.0000,  0.0000,  0.0000,  0.0000,  0.0000,  0.0000],
         [ 0.0000,  0.0000,  0.0000,  0.0000,  0.0000,  0.0000],
         [ 0.0000,  0.0000,  0.0000,  0.0000,  0.0000,  0.0000],
         [ 0.0000,  0.0000,  0.0000,  0.0000,  0.0000,  0.0000],
         [ 0.0000,  0.0000,  0.0000,  0.0000,  0.0000,  0.0000],
         [ 0.0000,  0.0000,  0.0000,  0.0000,  0.0000,  0.0000],
         [ 0.0000,  0.0000,  0.0000,  0.0000,  0.0000,  0.0000],
         [ 0.0000,  0.0000,  0.0000,  0.0000,  0.0000,  0.0000],
         [ 0.0000,  0.0000,  0.0000,  0.0000,  0.0000,  0.0000],
         [ 0.0000,  0.0000,  0.0000,  0.0000,  0.0000,  0.0000],
         [ 0.0000,  0.0000,  0.0000,  0.0000,  0.0000,  0.0000],
         [ 0.0000,  0.0000,  0.0000,  0.0000,  0.0000,  0.0000]],

        [[ 0.1240, -0.0658, -0.0931, -0.4374,  0.2117, -0.1172],
         [ 0.1965, -0.1003, -0.1506, -0.4181,  0.2080, -0.1134],
         [ 0.2336, -0.1187, -0.1855, -0.3880,  0.2021, -0.1077],
         [ 0.2515, -0.1283, -0.2057, -0.3408,  0.1916, -0.0990],
         [ 0.2598, -0.1334, -0.2170, -0.2665,  0.1713, -0.0855],
         [ 0.2636, -0.1359, -0.2231, -0.1529,  0.1247, -0.0614],
         [ 0.0000,  0.0000,  0.0000,  0.0000,  0.0000,  0.0000],
         [ 0.0000,  0.0000,  0.0000,  0.0000,  0.0000,  0.0000],
         [ 0.0000,  0.0000,  0.0000,  0.0000,  0.0000,  0.0000],
         [ 0.0000,  0.0000,  0.0000,  0.0000,  0.0000,  0.0000],
         [ 0.0000,  0.0000,  0.0000,  0.0000,  0.0000,  0.0000],
         [ 0.0000,  0.0000,  0.0000,  0.0000,  0.0000,  0.0000],
         [ 0.0000,  0.0000,  0.0000,  0.0000,  0.0000,  0.0000],
         [ 0.0000,  0.0000,  0.0000,  0.0000,  0.0000,  0.0000],
         [ 0.0000,  0.0000,  0.0000,  0.0000,  0.0000,  0.0000],
         [ 0.0000,  0.0000,  0.0000,  0.0000,  0.0000,  0.0000],
         [ 0.0000,  0.0000,  0.0000,  0.0000,  0.0000,  0.0000],
         [ 0.0000,  0.0000,  0.0000,  0.0000,  0.0000,  0.0000],
         [ 0.0000,  0.0000,  0.0000,  0.0000,  0.0000,  0.0000],
         [ 0.0000,  0.0000,  0.0000,  0.0000,  0.0000,  0.0000],
         [ 0.0000,  0.0000,  0.0000,  0.0000,  0.0000,  0.0000],
         [ 0.0000,  0.0000,  0.0000,  0.0000,  0.0000,  0.0000]]])
         
         
         
         
         
          but is:
tensor([[[-8.1091e-02, -9.9292e-02,  1.3788e-02, -3.9270e-01, -3.8681e-01,
           2.3771e-01],
         [-9.5118e-02, -1.3369e-01,  7.7304e-03, -3.9252e-01, -3.8681e-01,
           2.3768e-01],
         [-9.7212e-02, -1.4400e-01, -1.8173e-04, -3.9228e-01, -3.8681e-01,
           2.3762e-01],
         [-9.7646e-02, -1.4659e-01, -6.6077e-03, -3.9195e-01, -3.8681e-01,
           2.3755e-01],
         [-9.7967e-02, -1.4694e-01, -1.1259e-02, -3.9151e-01, -3.8681e-01,
           2.3746e-01],
         [-9.8268e-02, -1.4676e-01, -1.4495e-02, -3.9092e-01, -3.8680e-01,
           2.3733e-01],
         [-9.8515e-02, -1.4652e-01, -1.6713e-02, -3.9012e-01, -3.8679e-01,
           2.3716e-01],
         [-9.8698e-02, -1.4633e-01, -1.8225e-02, -3.8904e-01, -3.8676e-01,
           2.3692e-01],
         [-9.8827e-02, -1.4619e-01, -1.9254e-02, -3.8758e-01, -3.8670e-01,
           2.3659e-01],
         [-9.8917e-02, -1.4609e-01, -1.9954e-02, -3.8562e-01, -3.8659e-01,
           2.3615e-01],
         [-9.8979e-02, -1.4602e-01, -2.0430e-02, -3.8296e-01, -3.8640e-01,
           2.3554e-01],
         [-9.9021e-02, -1.4597e-01, -2.0753e-02, -3.7936e-01, -3.8607e-01,
           2.3469e-01],
         [-9.9049e-02, -1.4594e-01, -2.0973e-02, -3.7447e-01, -3.8549e-01,
           2.3350e-01],
         [-9.9069e-02, -1.4592e-01, -2.1122e-02, -3.6781e-01, -3.8450e-01,
           2.3182e-01],
         [-9.9082e-02, -1.4591e-01, -2.1223e-02, -3.5872e-01, -3.8283e-01,
           2.2943e-01],
         [-9.9091e-02, -1.4590e-01, -2.1292e-02, -3.4625e-01, -3.8001e-01,
           2.2596e-01],
         [-9.9097e-02, -1.4589e-01, -2.1339e-02, -3.2910e-01, -3.7526e-01,
           2.2085e-01],
         [-9.9101e-02, -1.4589e-01, -2.1371e-02, -3.0542e-01, -3.6721e-01,
           2.1316e-01],
         [-9.9104e-02, -1.4588e-01, -2.1392e-02, -2.7271e-01, -3.5338e-01,
           2.0125e-01],
         [-9.9106e-02, -1.4588e-01, -2.1407e-02, -2.2772e-01, -3.2898e-01,
           1.8210e-01],
         [-9.9107e-02, -1.4588e-01, -2.1417e-02, -1.6700e-01, -2.8385e-01,
           1.4981e-01],
         [-9.9108e-02, -1.4588e-01, -2.1424e-02, -8.9014e-02, -1.9388e-01,
           9.3379e-02]],

        [[-8.1091e-02, -9.9292e-02,  1.3788e-02, -3.8758e-01, -3.8670e-01,
           2.3659e-01],
         [-9.5118e-02, -1.3369e-01,  7.7304e-03, -3.8562e-01, -3.8659e-01,
           2.3615e-01],
         [-9.7212e-02, -1.4400e-01, -1.8173e-04, -3.8296e-01, -3.8640e-01,
           2.3554e-01],
         [-9.7646e-02, -1.4659e-01, -6.6077e-03, -3.7936e-01, -3.8607e-01,
           2.3469e-01],
         [-9.7967e-02, -1.4694e-01, -1.1259e-02, -3.7447e-01, -3.8549e-01,
           2.3350e-01],
         [-9.8268e-02, -1.4676e-01, -1.4495e-02, -3.6781e-01, -3.8450e-01,
           2.3182e-01],
         [-9.8515e-02, -1.4652e-01, -1.6713e-02, -3.5872e-01, -3.8283e-01,
           2.2943e-01],
         [-9.8698e-02, -1.4633e-01, -1.8225e-02, -3.4625e-01, -3.8001e-01,
           2.2596e-01],
         [-9.8827e-02, -1.4619e-01, -1.9254e-02, -3.2910e-01, -3.7526e-01,
           2.2085e-01],
         [-9.8917e-02, -1.4609e-01, -1.9954e-02, -3.0542e-01, -3.6721e-01,
           2.1316e-01],
         [-9.8979e-02, -1.4602e-01, -2.0430e-02, -2.7271e-01, -3.5338e-01,
           2.0125e-01],
         [-9.9021e-02, -1.4597e-01, -2.0753e-02, -2.2772e-01, -3.2898e-01,
           1.8210e-01],
         [-9.9049e-02, -1.4594e-01, -2.0973e-02, -1.6700e-01, -2.8385e-01,
           1.4981e-01],
         [-9.9069e-02, -1.4592e-01, -2.1122e-02, -8.9014e-02, -1.9388e-01,
           9.3379e-02],
         [ 0.0000e+00,  0.0000e+00,  0.0000e+00,  0.0000e+00,  0.0000e+00,
           0.0000e+00],
         [ 0.0000e+00,  0.0000e+00,  0.0000e+00,  0.0000e+00,  0.0000e+00,
           0.0000e+00],
         [ 0.0000e+00,  0.0000e+00,  0.0000e+00,  0.0000e+00,  0.0000e+00,
           0.0000e+00],
         [ 0.0000e+00,  0.0000e+00,  0.0000e+00,  0.0000e+00,  0.0000e+00,
           0.0000e+00],
         [ 0.0000e+00,  0.0000e+00,  0.0000e+00,  0.0000e+00,  0.0000e+00,
           0.0000e+00],
         [ 0.0000e+00,  0.0000e+00,  0.0000e+00,  0.0000e+00,  0.0000e+00,
           0.0000e+00],
         [ 0.0000e+00,  0.0000e+00,  0.0000e+00,  0.0000e+00,  0.0000e+00,
           0.0000e+00],
         [ 0.0000e+00,  0.0000e+00,  0.0000e+00,  0.0000e+00,  0.0000e+00,
           0.0000e+00]],

        [[-8.1091e-02, -9.9292e-02,  1.3788e-02, -3.7447e-01, -3.8549e-01,
           2.3350e-01],
         [-9.5118e-02, -1.3369e-01,  7.7304e-03, -3.6781e-01, -3.8450e-01,
           2.3182e-01],
         [-9.7212e-02, -1.4400e-01, -1.8173e-04, -3.5872e-01, -3.8283e-01,
           2.2943e-01],
         [-9.7646e-02, -1.4659e-01, -6.6077e-03, -3.4625e-01, -3.8001e-01,
           2.2596e-01],
         [-9.7967e-02, -1.4694e-01, -1.1259e-02, -3.2910e-01, -3.7526e-01,
           2.2085e-01],
         [-9.8268e-02, -1.4676e-01, -1.4495e-02, -3.0542e-01, -3.6721e-01,
           2.1316e-01],
         [-9.8515e-02, -1.4652e-01, -1.6713e-02, -2.7271e-01, -3.5338e-01,
           2.0125e-01],
         [-9.8698e-02, -1.4633e-01, -1.8225e-02, -2.2772e-01, -3.2898e-01,
           1.8210e-01],
         [-9.8827e-02, -1.4619e-01, -1.9254e-02, -1.6700e-01, -2.8385e-01,
           1.4981e-01],
         [-9.8917e-02, -1.4609e-01, -1.9954e-02, -8.9014e-02, -1.9388e-01,
           9.3379e-02],
         [ 0.0000e+00,  0.0000e+00,  0.0000e+00,  0.0000e+00,  0.0000e+00,
           0.0000e+00],
         [ 0.0000e+00,  0.0000e+00,  0.0000e+00,  0.0000e+00,  0.0000e+00,
           0.0000e+00],
         [ 0.0000e+00,  0.0000e+00,  0.0000e+00,  0.0000e+00,  0.0000e+00,
           0.0000e+00],
         [ 0.0000e+00,  0.0000e+00,  0.0000e+00,  0.0000e+00,  0.0000e+00,
           0.0000e+00],
         [ 0.0000e+00,  0.0000e+00,  0.0000e+00,  0.0000e+00,  0.0000e+00,
           0.0000e+00],
         [ 0.0000e+00,  0.0000e+00,  0.0000e+00,  0.0000e+00,  0.0000e+00,
           0.0000e+00],
         [ 0.0000e+00,  0.0000e+00,  0.0000e+00,  0.0000e+00,  0.0000e+00,
           0.0000e+00],
         [ 0.0000e+00,  0.0000e+00,  0.0000e+00,  0.0000e+00,  0.0000e+00,
           0.0000e+00],
         [ 0.0000e+00,  0.0000e+00,  0.0000e+00,  0.0000e+00,  0.0000e+00,
           0.0000e+00],
         [ 0.0000e+00,  0.0000e+00,  0.0000e+00,  0.0000e+00,  0.0000e+00,
           0.0000e+00],
         [ 0.0000e+00,  0.0000e+00,  0.0000e+00,  0.0000e+00,  0.0000e+00,
           0.0000e+00],
         [ 0.0000e+00,  0.0000e+00,  0.0000e+00,  0.0000e+00,  0.0000e+00,
           0.0000e+00]],

        [[-8.1091e-02, -9.9292e-02,  1.3788e-02, -3.7447e-01, -3.8549e-01,
           2.3350e-01],
         [-9.5118e-02, -1.3369e-01,  7.7304e-03, -3.6781e-01, -3.8450e-01,
           2.3182e-01],
         [-9.7212e-02, -1.4400e-01, -1.8173e-04, -3.5872e-01, -3.8283e-01,
           2.2943e-01],
         [-9.7646e-02, -1.4659e-01, -6.6077e-03, -3.4625e-01, -3.8001e-01,
           2.2596e-01],
         [-9.7967e-02, -1.4694e-01, -1.1259e-02, -3.2910e-01, -3.7526e-01,
           2.2085e-01],
         [-9.8268e-02, -1.4676e-01, -1.4495e-02, -3.0542e-01, -3.6721e-01,
           2.1316e-01],
         [-9.8515e-02, -1.4652e-01, -1.6713e-02, -2.7271e-01, -3.5338e-01,
           2.0125e-01],
         [-9.8698e-02, -1.4633e-01, -1.8225e-02, -2.2772e-01, -3.2898e-01,
           1.8210e-01],
         [-9.8827e-02, -1.4619e-01, -1.9254e-02, -1.6700e-01, -2.8385e-01,
           1.4981e-01],
         [-9.8917e-02, -1.4609e-01, -1.9954e-02, -8.9014e-02, -1.9388e-01,
           9.3379e-02],
         [ 0.0000e+00,  0.0000e+00,  0.0000e+00,  0.0000e+00,  0.0000e+00,
           0.0000e+00],
         [ 0.0000e+00,  0.0000e+00,  0.0000e+00,  0.0000e+00,  0.0000e+00,
           0.0000e+00],
         [ 0.0000e+00,  0.0000e+00,  0.0000e+00,  0.0000e+00,  0.0000e+00,
           0.0000e+00],
         [ 0.0000e+00,  0.0000e+00,  0.0000e+00,  0.0000e+00,  0.0000e+00,
           0.0000e+00],
         [ 0.0000e+00,  0.0000e+00,  0.0000e+00,  0.0000e+00,  0.0000e+00,
           0.0000e+00],
         [ 0.0000e+00,  0.0000e+00,  0.0000e+00,  0.0000e+00,  0.0000e+00,
           0.0000e+00],
         [ 0.0000e+00,  0.0000e+00,  0.0000e+00,  0.0000e+00,  0.0000e+00,
           0.0000e+00],
         [ 0.0000e+00,  0.0000e+00,  0.0000e+00,  0.0000e+00,  0.0000e+00,
           0.0000e+00],
         [ 0.0000e+00,  0.0000e+00,  0.0000e+00,  0.0000e+00,  0.0000e+00,
           0.0000e+00],
         [ 0.0000e+00,  0.0000e+00,  0.0000e+00,  0.0000e+00,  0.0000e+00,
           0.0000e+00],
         [ 0.0000e+00,  0.0000e+00,  0.0000e+00,  0.0000e+00,  0.0000e+00,
           0.0000e+00],
         [ 0.0000e+00,  0.0000e+00,  0.0000e+00,  0.0000e+00,  0.0000e+00,
           0.0000e+00]],

        [[-8.1091e-02, -9.9292e-02,  1.3788e-02, -3.2910e-01, -3.7526e-01,
           2.2085e-01],
         [-9.5118e-02, -1.3369e-01,  7.7304e-03, -3.0542e-01, -3.6721e-01,
           2.1316e-01],
         [-9.7212e-02, -1.4400e-01, -1.8173e-04, -2.7271e-01, -3.5338e-01,
           2.0125e-01],
         [-9.7646e-02, -1.4659e-01, -6.6077e-03, -2.2772e-01, -3.2898e-01,
           1.8210e-01],
         [-9.7967e-02, -1.4694e-01, -1.1259e-02, -1.6700e-01, -2.8385e-01,
           1.4981e-01],
         [-9.8268e-02, -1.4676e-01, -1.4495e-02, -8.9014e-02, -1.9388e-01,
           9.3379e-02],
         [ 0.0000e+00,  0.0000e+00,  0.0000e+00,  0.0000e+00,  0.0000e+00,
           0.0000e+00],
         [ 0.0000e+00,  0.0000e+00,  0.0000e+00,  0.0000e+00,  0.0000e+00,
           0.0000e+00],
         [ 0.0000e+00,  0.0000e+00,  0.0000e+00,  0.0000e+00,  0.0000e+00,
           0.0000e+00],
         [ 0.0000e+00,  0.0000e+00,  0.0000e+00,  0.0000e+00,  0.0000e+00,
           0.0000e+00],
         [ 0.0000e+00,  0.0000e+00,  0.0000e+00,  0.0000e+00,  0.0000e+00,
           0.0000e+00],
         [ 0.0000e+00,  0.0000e+00,  0.0000e+00,  0.0000e+00,  0.0000e+00,
           0.0000e+00],
         [ 0.0000e+00,  0.0000e+00,  0.0000e+00,  0.0000e+00,  0.0000e+00,
           0.0000e+00],
         [ 0.0000e+00,  0.0000e+00,  0.0000e+00,  0.0000e+00,  0.0000e+00,
           0.0000e+00],
         [ 0.0000e+00,  0.0000e+00,  0.0000e+00,  0.0000e+00,  0.0000e+00,
           0.0000e+00],
         [ 0.0000e+00,  0.0000e+00,  0.0000e+00,  0.0000e+00,  0.0000e+00,
           0.0000e+00],
         [ 0.0000e+00,  0.0000e+00,  0.0000e+00,  0.0000e+00,  0.0000e+00,
           0.0000e+00],
         [ 0.0000e+00,  0.0000e+00,  0.0000e+00,  0.0000e+00,  0.0000e+00,
           0.0000e+00],
         [ 0.0000e+00,  0.0000e+00,  0.0000e+00,  0.0000e+00,  0.0000e+00,
           0.0000e+00],
         [ 0.0000e+00,  0.0000e+00,  0.0000e+00,  0.0000e+00,  0.0000e+00,
           0.0000e+00],
         [ 0.0000e+00,  0.0000e+00,  0.0000e+00,  0.0000e+00,  0.0000e+00,
           0.0000e+00],
         [ 0.0000e+00,  0.0000e+00,  0.0000e+00,  0.0000e+00,  0.0000e+00,
           0.0000e+00]]])
